[debug] [2022-03-16T18:12:09.798Z] ----------------------------------------------------------------------
[debug] [2022-03-16T18:12:09.800Z] Command:       C:\Program Files\nodejs\node.exe C:\Program Files\nodejs\node_modules\firebase-tools\lib\bin\firebase.js deploy
[debug] [2022-03-16T18:12:09.800Z] CLI Version:   10.3.0
[debug] [2022-03-16T18:12:09.800Z] Platform:      win32
[debug] [2022-03-16T18:12:09.800Z] Node Version:  v14.19.0
[debug] [2022-03-16T18:12:09.801Z] Time:          Wed Mar 16 2022 20:12:09 GMT+0200 (Восточная Европа, стандартное время)
[debug] [2022-03-16T18:12:09.801Z] ----------------------------------------------------------------------
[debug] 
[debug] [2022-03-16T18:12:09.858Z] > command requires scopes: ["email","openid","https://www.googleapis.com/auth/cloudplatformprojects.readonly","https://www.googleapis.com/auth/firebase","https://www.googleapis.com/auth/cloud-platform"]
[debug] [2022-03-16T18:12:09.859Z] > authorizing via signed-in user (postoliuk.av@gmail.com)
[debug] [2022-03-16T18:12:09.859Z] [iam] checking project fit-35 for permissions ["firebase.projects.get","firebasehosting.sites.update"]
[debug] [2022-03-16T18:12:09.861Z] >>> [apiv2][query] POST https://cloudresourcemanager.googleapis.com/v1/projects/fit-35:testIamPermissions [none]
[debug] [2022-03-16T18:12:09.861Z] >>> [apiv2][body] POST https://cloudresourcemanager.googleapis.com/v1/projects/fit-35:testIamPermissions {"permissions":["firebase.projects.get","firebasehosting.sites.update"]}
[debug] [2022-03-16T18:12:10.737Z] <<< [apiv2][status] POST https://cloudresourcemanager.googleapis.com/v1/projects/fit-35:testIamPermissions 200
[debug] [2022-03-16T18:12:10.738Z] <<< [apiv2][body] POST https://cloudresourcemanager.googleapis.com/v1/projects/fit-35:testIamPermissions {"permissions":["firebase.projects.get","firebasehosting.sites.update"]}
[debug] [2022-03-16T18:12:10.742Z] >>> [apiv2][query] GET https://firebase.googleapis.com/v1beta1/projects/fit-35 [none]
[debug] [2022-03-16T18:12:11.433Z] <<< [apiv2][status] GET https://firebase.googleapis.com/v1beta1/projects/fit-35 200
[debug] [2022-03-16T18:12:11.433Z] <<< [apiv2][body] GET https://firebase.googleapis.com/v1beta1/projects/fit-35 {"projectId":"fit-35","projectNumber":"18584282293","displayName":"35-fit","name":"projects/fit-35","resources":{"hostingSite":"fit-35"},"state":"ACTIVE"}
[info] 
[info] === Deploying to 'fit-35'...
[info] 
[info] i  deploying hosting 
[debug] [2022-03-16T18:12:11.442Z] >>> [apiv2][query] GET https://firebase.googleapis.com/v1beta1/projects/fit-35 [none]
[debug] [2022-03-16T18:12:12.150Z] <<< [apiv2][status] GET https://firebase.googleapis.com/v1beta1/projects/fit-35 200
[debug] [2022-03-16T18:12:12.151Z] <<< [apiv2][body] GET https://firebase.googleapis.com/v1beta1/projects/fit-35 {"projectId":"fit-35","projectNumber":"18584282293","displayName":"35-fit","name":"projects/fit-35","resources":{"hostingSite":"fit-35"},"state":"ACTIVE"}
[debug] [2022-03-16T18:12:12.154Z] >>> [apiv2][query] POST https://firebasehosting.googleapis.com/v1beta1/projects/18584282293/sites/fit-35/versions [none]
[debug] [2022-03-16T18:12:12.154Z] >>> [apiv2][body] POST https://firebasehosting.googleapis.com/v1beta1/projects/18584282293/sites/fit-35/versions {"config":{"rewrites":[{"glob":"**","path":"/index.html"}]},"labels":{"deployment-tool":"cli-firebase"}}
[debug] [2022-03-16T18:12:14.095Z] <<< [apiv2][status] POST https://firebasehosting.googleapis.com/v1beta1/projects/18584282293/sites/fit-35/versions 200
[debug] [2022-03-16T18:12:14.096Z] <<< [apiv2][body] POST https://firebasehosting.googleapis.com/v1beta1/projects/18584282293/sites/fit-35/versions {"name":"projects/18584282293/sites/fit-35/versions/bfd75c6c5455f02a","status":"CREATED","config":{"rewrites":[{"glob":"**","path":"/index.html"}]},"labels":{"deployment-tool":"cli-firebase"}}
[info] i  hosting[fit-35]: beginning deploy... 
[info] i  hosting[fit-35]: found 33 files in build 
[debug] [2022-03-16T18:12:14.410Z] [hosting] hash cache [YnVpbGQ] stored for 33 files
[debug] [2022-03-16T18:12:14.410Z] [hosting][hash queue][FINAL] {"max":289,"min":13,"avg":23.666666666666668,"active":0,"complete":33,"success":33,"errored":0,"retried":0,"total":33,"elapsed":296}
[debug] [2022-03-16T18:12:14.410Z] >>> [apiv2][query] POST https://firebasehosting.googleapis.com/v1beta1/projects/18584282293/sites/fit-35/versions/bfd75c6c5455f02a:populateFiles [none]
[debug] [2022-03-16T18:12:14.410Z] >>> [apiv2][body] POST https://firebasehosting.googleapis.com/v1beta1/projects/18584282293/sites/fit-35/versions/bfd75c6c5455f02a:populateFiles {"files":{"/148.bundle.js":"a81a165b989e061b1717d025251fcf13a16befcd96d89dd8aa0ee8e07e8bd248","/148.bundle.js.map":"a6ba6058c2774a804672b11ddb3798687db5205226c97c6cb68e1550a4ec9321","/157.bundle.js":"f7d28e2134bb92509f22f9b9149a9c62b47c9056e39f5e89790ad395e4a8c930","/157.bundle.js.map":"11b2e583dca2573eceb2be5c9e8087556bc4afc96fc6ec721eb6bc01b817089b","/187.bundle.js":"9f4e217f1a08cb703ae1f6e2e76eaa6ee37c81771b4f72358ebdffb391eb0a43","/210.bundle.js":"13af762182338e64f7db05499281533195acc793bd388d19605fa640b3cbb6e0","/210.bundle.js.map":"0baccea8b389bd7f9be40b9e5b21010add512d1275b70a40053fe114260c7607","/214.bundle.js":"5a44734328f284097a2a0630cfd9ca2177b5a6f4e2df11179e7a866972214a66","/214.bundle.js.map":"5d982794ebae09bee506f9e2581a0aceb1a4368e87b70d583bb7d80a4668882c","/217.bundle.js":"0843f717ff1b77e374f5f14d7253764281dad736e486e32bc397b07eebb76408","/217.bundle.js.map":"628b0e04d6bfeb85cb645e15968d298110be1802f9d015f00e263846abc22f18","/187.bundle.js.map":"8d94cdd2c6ab0e272b775afc549b43ea9bc4bda4dd5a22c20eb410f8c938508f","/252.bundle.js":"06726f5d83b410e0133bedb0f7ae4f6476fdd6aef6bf79027af8af47ff8d05eb","/287.bundle.js":"feddb0dec69ef4449d09c704a81d554c7846700643b5f6487b14ea74d8594114","/659.bundle.js.map":"c7fa380543d0a766c9f97a2511b4dda699afd0f4a42bbcf6e2f9a437391edebd","/659.bundle.js":"dbe4d11962320c40c16730af8a21f1505242d127f5da2bb8ae87e8ab2d64a612","/717.bundle.js":"9668f202731dc893f127a18aa79aa7eb69baf83128c4517658b54a0c5439172d","/958.bundle.js":"47a06c2c4f7d51e75323e9998e174f8be39e5da06ed20b6e3dc6cae73bec84bd","/717.bundle.js.map":"6b4db72eb6e2c2b469aadc72d078816ff54e0e946ea75613c6e59f0f931c5acf","/958.bundle.js.map":"1f0e671a4501c40cba66d973e46a8e11dd89957cafbd397eeea63f1ca8113637","/963.bundle.js":"46cb4e4bec3e3ddb70d940ff7c05d5181728960de1578c9caaa961249b836421","/9d78b3b21aee8089c520.png":"8c36c0a6c32e1ad605a86e2e4591ec365d5da6373c16ff9ce9caafd79161f74c","/963.bundle.js.map":"b97ce9bf23f560c319e149b07b1f83b432ea171429562d17d7bd241dcea2f8d9","/favicon.ico":"b04afdaf813eb466bc6549925b010f79ae68da67f5bbdd5798908a7d6902d177","/index.html":"11025705c8d4486dc043af0561630d7cd9c350855c61c1c824079d5e4b970a48","/main.bundle.js.LICENSE.txt":"c41fa839f704ebb457a9677bb1948a3e4ad34a357bd4e259c1bf138620574b0c","/main.css":"68fd4cc776c89ab2751f8b888a3618dd48ab0f6e927e22180dd96bc27747fc0c","/252.bundle.js.map":"deaca960fbd5981eba0ff7d2ba558c4132c07b19530a0e18d83f60f076c53ca5","/main.css.map":"56961cf423b63f419680405ff55e08b4ccae7a0c2790fc01d393cd54b6954c95","/f172b0e81b41b7ae0bcf.png":"aff8c8626399f913c3d3965094267a742c599dcdf13b2ef9cffadbedb89de1c3","/287.bundle.js.map":"d750059d1251586dc5fc6cf3d5362e5fa67e1963810509eb744e7a38a3a33777","/main.bundle.js":"211730facdc98772fcbfad7d3a33a7eb9dcbc68d4065fc15ff080ac688642eb8","/main.bundle.js.map":"45924cfaa40a1477adccfafe57a011cb91d355eea99df5ca37ec4917f9e39e45"}}
[debug] [2022-03-16T18:12:16.240Z] <<< [apiv2][status] POST https://firebasehosting.googleapis.com/v1beta1/projects/18584282293/sites/fit-35/versions/bfd75c6c5455f02a:populateFiles 200
[debug] [2022-03-16T18:12:16.241Z] <<< [apiv2][body] POST https://firebasehosting.googleapis.com/v1beta1/projects/18584282293/sites/fit-35/versions/bfd75c6c5455f02a:populateFiles {"uploadRequiredHashes":["45924cfaa40a1477adccfafe57a011cb91d355eea99df5ca37ec4917f9e39e45","06726f5d83b410e0133bedb0f7ae4f6476fdd6aef6bf79027af8af47ff8d05eb","deaca960fbd5981eba0ff7d2ba558c4132c07b19530a0e18d83f60f076c53ca5"],"uploadUrl":"https://upload-firebasehosting.googleapis.com/upload/sites/fit-35/versions/bfd75c6c5455f02a/files"}
[debug] [2022-03-16T18:12:16.241Z] >>> [apiv2][query] POST https://upload-firebasehosting.googleapis.com/upload/sites/fit-35/versions/bfd75c6c5455f02a/files/45924cfaa40a1477adccfafe57a011cb91d355eea99df5ca37ec4917f9e39e45 [none]
[debug] [2022-03-16T18:12:16.242Z] >>> [apiv2][body] POST https://upload-firebasehosting.googleapis.com/upload/sites/fit-35/versions/bfd75c6c5455f02a/files/45924cfaa40a1477adccfafe57a011cb91d355eea99df5ca37ec4917f9e39e45 [stream]
[debug] [2022-03-16T18:12:16.243Z] >>> [apiv2][query] POST https://upload-firebasehosting.googleapis.com/upload/sites/fit-35/versions/bfd75c6c5455f02a/files/06726f5d83b410e0133bedb0f7ae4f6476fdd6aef6bf79027af8af47ff8d05eb [none]
[debug] [2022-03-16T18:12:16.243Z] >>> [apiv2][body] POST https://upload-firebasehosting.googleapis.com/upload/sites/fit-35/versions/bfd75c6c5455f02a/files/06726f5d83b410e0133bedb0f7ae4f6476fdd6aef6bf79027af8af47ff8d05eb [stream]
[debug] [2022-03-16T18:12:16.243Z] >>> [apiv2][query] POST https://upload-firebasehosting.googleapis.com/upload/sites/fit-35/versions/bfd75c6c5455f02a/files/deaca960fbd5981eba0ff7d2ba558c4132c07b19530a0e18d83f60f076c53ca5 [none]
[debug] [2022-03-16T18:12:16.244Z] >>> [apiv2][body] POST https://upload-firebasehosting.googleapis.com/upload/sites/fit-35/versions/bfd75c6c5455f02a/files/deaca960fbd5981eba0ff7d2ba558c4132c07b19530a0e18d83f60f076c53ca5 [stream]
[debug] [2022-03-16T18:12:16.244Z] [hosting][populate queue][FINAL] {"max":1832,"min":1832,"avg":1832,"active":0,"complete":1,"success":1,"errored":0,"retried":0,"total":1,"elapsed":1835}
[debug] [2022-03-16T18:12:16.244Z] [hosting] uploads queued: 3
[debug] [2022-03-16T18:12:20.165Z] <<< [apiv2][status] POST https://upload-firebasehosting.googleapis.com/upload/sites/fit-35/versions/bfd75c6c5455f02a/files/deaca960fbd5981eba0ff7d2ba558c4132c07b19530a0e18d83f60f076c53ca5 200
[debug] [2022-03-16T18:12:20.166Z] <<< [apiv2][body] POST https://upload-firebasehosting.googleapis.com/upload/sites/fit-35/versions/bfd75c6c5455f02a/files/deaca960fbd5981eba0ff7d2ba558c4132c07b19530a0e18d83f60f076c53ca5 [stream]
[debug] [2022-03-16T18:12:21.873Z] <<< [apiv2][status] POST https://upload-firebasehosting.googleapis.com/upload/sites/fit-35/versions/bfd75c6c5455f02a/files/06726f5d83b410e0133bedb0f7ae4f6476fdd6aef6bf79027af8af47ff8d05eb 200
[debug] [2022-03-16T18:12:21.873Z] <<< [apiv2][body] POST https://upload-firebasehosting.googleapis.com/upload/sites/fit-35/versions/bfd75c6c5455f02a/files/06726f5d83b410e0133bedb0f7ae4f6476fdd6aef6bf79027af8af47ff8d05eb [stream]
[debug] [2022-03-16T18:13:03.316Z] [uploadQueue] Retrying task 45924cfaa40a1477adccfafe57a011cb91d355eea99df5ca37ec4917f9e39e45
[debug] [2022-03-16T18:13:03.318Z] >>> [apiv2][query] POST https://upload-firebasehosting.googleapis.com/upload/sites/fit-35/versions/bfd75c6c5455f02a/files/45924cfaa40a1477adccfafe57a011cb91d355eea99df5ca37ec4917f9e39e45 [none]
[debug] [2022-03-16T18:13:03.318Z] >>> [apiv2][body] POST https://upload-firebasehosting.googleapis.com/upload/sites/fit-35/versions/bfd75c6c5455f02a/files/45924cfaa40a1477adccfafe57a011cb91d355eea99df5ca37ec4917f9e39e45 [stream]
[debug] [2022-03-16T18:13:50.790Z] [uploadQueue] Retrying task 45924cfaa40a1477adccfafe57a011cb91d355eea99df5ca37ec4917f9e39e45
[debug] [2022-03-16T18:13:50.791Z] >>> [apiv2][query] POST https://upload-firebasehosting.googleapis.com/upload/sites/fit-35/versions/bfd75c6c5455f02a/files/45924cfaa40a1477adccfafe57a011cb91d355eea99df5ca37ec4917f9e39e45 [none]
[debug] [2022-03-16T18:13:50.792Z] >>> [apiv2][body] POST https://upload-firebasehosting.googleapis.com/upload/sites/fit-35/versions/bfd75c6c5455f02a/files/45924cfaa40a1477adccfafe57a011cb91d355eea99df5ca37ec4917f9e39e45 [stream]
[debug] [2022-03-16T18:14:39.073Z] [uploadQueue] Retrying task 45924cfaa40a1477adccfafe57a011cb91d355eea99df5ca37ec4917f9e39e45
[debug] [2022-03-16T18:14:39.074Z] >>> [apiv2][query] POST https://upload-firebasehosting.googleapis.com/upload/sites/fit-35/versions/bfd75c6c5455f02a/files/45924cfaa40a1477adccfafe57a011cb91d355eea99df5ca37ec4917f9e39e45 [none]
[debug] [2022-03-16T18:14:39.074Z] >>> [apiv2][body] POST https://upload-firebasehosting.googleapis.com/upload/sites/fit-35/versions/bfd75c6c5455f02a/files/45924cfaa40a1477adccfafe57a011cb91d355eea99df5ca37ec4917f9e39e45 [stream]
[debug] [2022-03-16T18:15:28.949Z] [uploadQueue] Retrying task 45924cfaa40a1477adccfafe57a011cb91d355eea99df5ca37ec4917f9e39e45
[debug] [2022-03-16T18:15:28.951Z] >>> [apiv2][query] POST https://upload-firebasehosting.googleapis.com/upload/sites/fit-35/versions/bfd75c6c5455f02a/files/45924cfaa40a1477adccfafe57a011cb91d355eea99df5ca37ec4917f9e39e45 [none]
[debug] [2022-03-16T18:15:28.951Z] >>> [apiv2][body] POST https://upload-firebasehosting.googleapis.com/upload/sites/fit-35/versions/bfd75c6c5455f02a/files/45924cfaa40a1477adccfafe57a011cb91d355eea99df5ca37ec4917f9e39e45 [stream]
[debug] [2022-03-16T18:16:22.028Z] [uploadQueue] Retrying task 45924cfaa40a1477adccfafe57a011cb91d355eea99df5ca37ec4917f9e39e45
[debug] [2022-03-16T18:16:22.030Z] >>> [apiv2][query] POST https://upload-firebasehosting.googleapis.com/upload/sites/fit-35/versions/bfd75c6c5455f02a/files/45924cfaa40a1477adccfafe57a011cb91d355eea99df5ca37ec4917f9e39e45 [none]
[debug] [2022-03-16T18:16:22.030Z] >>> [apiv2][body] POST https://upload-firebasehosting.googleapis.com/upload/sites/fit-35/versions/bfd75c6c5455f02a/files/45924cfaa40a1477adccfafe57a011cb91d355eea99df5ca37ec4917f9e39e45 [stream]
